<?xml version="1.0" encoding="UTF-8"?>
<testng-results ignored="0" total="1" passed="1" failed="0" skipped="0">
  <reporter-output>
  </reporter-output>
  <suite started-at="2023-01-04T15:09:24 IST" name="Default suite" finished-at="2023-01-04T15:09:35 IST" duration-ms="11101">
    <groups>
    </groups>
    <test started-at="2023-01-04T15:09:24 IST" name="Default test" finished-at="2023-01-04T15:09:35 IST" duration-ms="11101">
      <class name="tests.LoginTest2">
        <test-method signature="login()[pri:0, instance:tests.LoginTest2@3246fb96]" started-at="2023-01-04T15:09:24 IST" name="login" finished-at="2023-01-04T15:09:35 IST" duration-ms="11048" status="PASS">
          <reporter-output>
          </reporter-output>
        </test-method> <!-- login -->
      </class> <!-- tests.LoginTest2 -->
    </test> <!-- Default test -->
  </suite> <!-- Default suite -->
</testng-results>
